<?xml version="1.0" encoding="UTF-8"?>
<testng-results skipped="0" failed="0" total="1" passed="1">
  <reporter-output>
  </reporter-output>
  <suite name="Default suite" duration-ms="39722" started-at="2014-01-07T13:40:22Z" finished-at="2014-01-07T13:41:01Z">
    <groups>
    </groups>
    <test name="Default test" duration-ms="39722" started-at="2014-01-07T13:40:22Z" finished-at="2014-01-07T13:41:01Z">
      <class name="com.stc.test.pbs.PBS53">
        <test-method status="PASS" signature="PBS141(java.lang.String, java.lang.String, java.lang.String, java.lang.String, java.lang.String, java.lang.String, java.lang.String, java.lang.String, java.lang.String, java.lang.String, java.lang.String, java.lang.String)[pri:0, instance:com.stc.test.pbs.PBS53@ee0cc23]" name="PBS141" duration-ms="39050" started-at="2014-01-07T19:10:22Z" finished-at="2014-01-07T19:11:01Z">
          <params>
            <param index="0">
              <value>
                <![CDATA[admin]]>
              </value>
            </param>
            <param index="1">
              <value>
                <![CDATA[admin]]>
              </value>
            </param>
            <param index="2">
              <value>
                <![CDATA[Jing Swang]]>
              </value>
            </param>
            <param index="3">
              <value>
                <![CDATA[111-22-33333]]>
              </value>
            </param>
            <param index="4">
              <value>
                <![CDATA[2Fl, Sky Building, 50-3, Nonhyeon 1-dong, Gangnam-gu, Seoul, Korea 135-011]]>
              </value>
            </param>
            <param index="5">
              <value>
                <![CDATA[080-5455-642]]>
              </value>
            </param>
            <param index="6">
              <value>
                <![CDATA[Kim]]>
              </value>
            </param>
            <param index="7">
              <value>
                <![CDATA[Jin]]>
              </value>
            </param>
            <param index="8">
              <value>
                <![CDATA[080-5455-642]]>
              </value>
            </param>
            <param index="9">
              <value>
                <![CDATA[080-5455-642]]>
              </value>
            </param>
            <param index="10">
              <value>
                <![CDATA[kim@gmail.com]]>
              </value>
            </param>
            <param index="11">
              <value>
                <![CDATA[Data is valid]]>
              </value>
            </param>
          </params>
          <reporter-output>
          </reporter-output>
        </test-method> <!-- PBS141 -->
      </class> <!-- com.stc.test.pbs.PBS53 -->
    </test> <!-- Default test -->
  </suite> <!-- Default suite -->
</testng-results>
